<?xml version="1.0" encoding="UTF-8"?>
<!-- Generated by org.testng.reporters.JUnitXMLReporter -->
<testsuite ignored="0" hostname="Artems-MacBook-Pro.local" failures="1" tests="1" name="Surefire test" time="10.528" errors="0" timestamp="2022-02-21T16:45:27 MSK">
  <testcase classname="com.solvd.carinaphonestest.OnlinerTest" name="checkTest" time="9.733">
    <failure type="java.lang.RuntimeException" message="Unable to instantiate page!">
      <![CDATA[java.lang.RuntimeException: Unable to instantiate page!
at com.qaprosoft.carina.core.foundation.utils.factory.ICustomTypePageFactory.initPage(ICustomTypePageFactory.java:140)
at com.solvd.carinaphonestest.service.HomePageService.<init>(HomePageService.java:11)
at com.solvd.carinaphonestest.OnlinerTest.checkTest(OnlinerTest.java:11)
at java.base/java.util.ArrayList.forEach(ArrayList.java:1511)
at com.qaprosoft.carina.core.foundation.utils.factory.ICustomTypePageFactory.initPage(ICustomTypePageFactory.java:136)
... 35 more
Caused by: java.lang.RuntimeException: Configuration parameter 'env' should be set!
at com.qaprosoft.carina.core.foundation.utils.DefaultEnvArgResolver.get(DefaultEnvArgResolver.java:32)
at com.qaprosoft.carina.core.foundation.utils.Configuration.getEnvArg(Configuration.java:305)
at com.qaprosoft.carina.core.foundation.webdriver.DriverHelper.getUrl(DriverHelper.java:1286)
at com.qaprosoft.carina.core.foundation.webdriver.DriverHelper.<init>(DriverHelper.java:95)
at com.qaprosoft.carina.core.foundation.webdriver.DriverHelper.<init>(DriverHelper.java:106)
at com.qaprosoft.carina.core.gui.AbstractUIObject.<init>(AbstractUIObject.java:68)
at com.qaprosoft.carina.core.gui.AbstractUIObject.<init>(AbstractUIObject.java:52)
at com.qaprosoft.carina.core.gui.AbstractPage.<init>(AbstractPage.java:55)
at com.solvd.carinaphonestest.page.base.HomePageBase.<init>(HomePageBase.java:9)
at com.solvd.carinaphonestest.page.android.AndroidHomePage.<init>(AndroidHomePage.java:11)
... 41 more
... Removed 38 stack frames]]>
    </failure>
  </testcase> <!-- checkTest -->
</testsuite> <!-- Surefire test -->
