<?xml version="1.0" encoding="UTF-8"?>
<testsuite xmlns:xsi="http://www.w3.org/2001/XMLSchema-instance" xsi:noNamespaceSchemaLocation="https://maven.apache.org/surefire/maven-surefire-plugin/xsd/surefire-test-report-3.0.xsd" version="3.0" name="com.solvd.carinaphonestest.OnlinerTest" time="11.361" tests="1" errors="0" skipped="0" failures="1">
  <properties>
[...]
</properties>
  <testcase name="checkTest" classname="com.solvd.carinaphonestest.OnlinerTest" time="10.579">
    <failure message="Unable to instantiate page!" type="java.lang.RuntimeException"><![CDATA[java.lang.RuntimeException: Unable to instantiate page!
	at com.solvd.carinaphonestest.OnlinerTest.checkTest(OnlinerTest.java:11)
Caused by: java.lang.reflect.InvocationTargetException
	at com.solvd.carinaphonestest.OnlinerTest.checkTest(OnlinerTest.java:11)
Caused by: java.lang.RuntimeException: Configuration parameter 'env' should be set!
	at com.solvd.carinaphonestest.OnlinerTest.checkTest(OnlinerTest.java:11)
]]></failure>
    <system-out><![CDATA[2022-02-21 16:45:16 CarinaListener [main] [INFO] 
============= Test configuration =============
url=https://www.onliner.by
selenium_url=http://127.0.0.1:4723/wd/hub
max_driver_count=3
proxy_protocols=http,https,ftp
browsermob_port=0
auto_screenshot=true
explicit_timeout=200
retry_interval=10
project_report_directory=./reports
max_screen_history=10
big_screen_width=-1
big_screen_height=-1
init_retry_count=0
init_retry_interval=1
retry_count=0
locale=en_US
thread_count=-1
data_provider_thread_count=-1
core_log_level=DEBUG
core_log_packages=com.qaprosoft.carina.core
log_all_json=true
date_format=HH:mm:ss yyyy-MM-dd
time_format=HH:mm:ss
test_naming_pattern={method_name}
element_loading_strategy=BY_PRESENCE_OR_VISIBILITY
page_opening_strategy=BY_URL_AND_ELEMENT
localization_encoding=utf-8
localization_testing=false
default_device_timezone=GMT
default_device_time_format=24
default_device_language=en_US
selenium_url=http://127.0.0.1:4723/wd/hub

------------- Driver capabilities -----------
capabilities.deviceName=Pixel 5
capabilities.platformVersion=12
capabilities.automationName=uiautomator2
capabilities.browserName=chrome
capabilities.platformName=android
capabilities.deviceType=phone
capabilities.udid=emulator-5554
================================================

2022-02-21 16:45:16 TestRunRegistrar [main-1] [WARN] Reporting disabled: using no op test run registrar
2022-02-21 16:45:16 Reflections [main-1] [INFO] Reflections took 398 ms to scan 7 urls, producing 1743 keys and 7958 values 
2022-02-21 16:45:16 FilterTestsListener [main-1] [INFO] There are no any rules and limitations
2022-02-21 16:45:16 CarinaListener [main-1] [INFO] Updaged logger level for 'com.qaprosoft.carina.core.foundation.utils.R' to DEBUG
2022-02-21 16:45:16 CarinaListener [main-1] [INFO] Updaged logger level for 'com.qaprosoft.carina.core.foundation.webdriver.Screenshot' to DEBUG
2022-02-21 16:45:16 CarinaListener [main-1] [INFO] Updaged logger level for 'com.qaprosoft.carina.core.foundation.listeners.FilterTestsListener' to DEBUG
2022-02-21 16:45:16 CarinaListener [main-1] [INFO] Updaged logger level for 'com.qaprosoft.carina.core.foundation.utils.messager.ZebrunnerMessager' to DEBUG
2022-02-21 16:45:16 CarinaListener [main-1] [INFO] Updaged logger level for 'com.qaprosoft.carina.core.foundation.utils.resources.Resources' to DEBUG
2022-02-21 16:45:16 CarinaListener [main-1] [INFO] Updaged logger level for 'com.qaprosoft.carina.core.foundation.listeners.AbstractTestListener' to DEBUG
2022-02-21 16:45:16 CarinaListener [main-1] [INFO] Updaged logger level for 'com.qaprosoft.carina.core.foundation.utils.factory.ICustomTypePageFactory' to DEBUG
2022-02-21 16:45:16 CarinaListener [main-1] [INFO] Updaged logger level for 'com.qaprosoft.carina.core.foundation.utils.Configuration' to DEBUG
2022-02-21 16:45:16 CarinaListener [main-1] [INFO] Updaged logger level for 'com.qaprosoft.carina.core' to DEBUG
2022-02-21 16:45:16 CarinaListener [main-1] [INFO] Updaged logger level for 'com.qaprosoft.carina.core.foundation.report.ReportContext' to DEBUG
2022-02-21 16:45:16 CarinaListener [main-1] [INFO] Updaged logger level for 'com.qaprosoft.carina.core.foundation.utils.FileManager' to DEBUG
2022-02-21 16:45:16 CarinaListener [main-1] [INFO] Updaged logger level for 'com.qaprosoft.carina.core.foundation.utils.resources.L10N' to DEBUG
2022-02-21 16:45:16 CarinaListener [main-1] [INFO] Updaged logger level for 'com.qaprosoft.carina.core.foundation.report.testrail.ITestRailManager' to DEBUG
2022-02-21 16:45:16 CarinaListener [main-1] [INFO] Updaged logger level for 'com.qaprosoft.carina.core.foundation.webdriver.device.Device' to DEBUG
2022-02-21 16:45:16 CarinaListener [main-1] [INFO] Updaged logger level for 'com.qaprosoft.carina.core.foundation.webdriver.IDriverPool' to DEBUG
2022-02-21 16:45:16 CarinaListener [main-1] [INFO] Updaged logger level for 'com.qaprosoft.carina.core.foundation.utils.android.recorder.utils.AdbExecutor' to DEBUG
2022-02-21 16:45:16 CarinaListener [main-1] [INFO] Updaged logger level for 'com.qaprosoft.carina.core.foundation.listeners.CarinaListenerChain' to DEBUG
2022-02-21 16:45:16 CarinaListener [main-1] [INFO] Updaged logger level for 'com.qaprosoft.carina.core.foundation.report.qtest.IQTestManager' to DEBUG
2022-02-21 16:45:16 CarinaListener [main-1] [INFO] Updaged logger level for 'com.qaprosoft.carina.core.foundation.dataprovider' to DEBUG
2022-02-21 16:45:16 CarinaListener [main-1] [INFO] Updaged logger level for 'com.qaprosoft.carina.core.foundation.listeners.CarinaListener' to DEBUG
2022-02-21 16:45:16 CarinaListener [main-1] [INFO] Updaged logger level for 'com.qaprosoft.carina.core.foundation.utils.PlaceholderResolver' to DEBUG
2022-02-21 16:45:16 CarinaListener [main-1] [INFO] Updaged logger level for 'com.qaprosoft.carina.core.foundation.listeners.CarinaListener$ShutdownHook' to DEBUG
2022-02-21 16:45:16 CarinaListener [main-1] [DEBUG] thread-count from suite: 
2022-02-21 16:45:16 CarinaListener [main-1] [INFO] Set thread-count=1
2022-02-21 16:45:16 CarinaListener [main-1] [DEBUG] data-provider-thread-count from suite: 
2022-02-21 16:45:16 CarinaListener [main-1] [INFO] Set data-provider-thread-count=1
2022-02-21 16:45:16 CarinaListener [main-1] [DEBUG] disable TestRail integration!
2022-02-21 16:45:16 CarinaListener [main-1] [DEBUG] Class: jar:file:/Users/apetrov/.m2/repository/com/qaprosoft/carina-core/7.2.14/carina-core-7.2.14.jar!/com/qaprosoft/carina/core/foundation/listeners/CarinaListener.class
2022-02-21 16:45:16 CarinaListener [main-1] [INFO] CARINA_CORE_VERSION: 7.2.14
2022-02-21 16:45:16 CarinaListener [main-1] [DEBUG] CarinaListener->OnTestStart(ITestContext context): Surefire test
2022-02-21 16:45:16 AbstractTestListener [main-1] [DEBUG] AbstractTestListener->onStart(ITestContext context)
2022-02-21 16:45:16 TestRunRegistrar [main-1] [WARN] Reporting disabled: using no op test run registrar
2022-02-21 16:45:16 TestNamingService [main-1] [DEBUG] TestNamingPattern: {method_name}
2022-02-21 16:45:16 TestNamingService [main-1] [DEBUG] Test method description: 
2022-02-21 16:45:16 TestNamingService [main-1] [DEBUG] testName: Surefire test - checkTest
2022-02-21 16:45:16 CarinaListener [main-1] [DEBUG] CarinaListener->onTestStart
2022-02-21 16:45:16 AbstractTestListener [main-1] [DEBUG] AbstractTestListener->onTestStart
2022-02-21 16:45:16 TestRunRegistrar [main-1] [WARN] Reporting disabled: using no op test run registrar
2022-02-21 16:45:16 TestNamingService [main-1] [DEBUG] TestNamingPattern: {method_name}
2022-02-21 16:45:16 TestNamingService [main-1] [DEBUG] Test method description: 
2022-02-21 16:45:16 TestNamingService [main-1] [DEBUG] testName: Surefire test - checkTest
2022-02-21 16:45:16 Messager [main-1] [INFO] TEST [Surefire test - checkTest] STARTED at [16:45:16 2022-02-21]
2022-02-21 16:45:16 IDriverPool [main-1] [DEBUG] Starting new driver as nothing was found in the pool
2022-02-21 16:45:16 IDriverPool [main-1] [DEBUG] initDriver start...
2022-02-21 16:45:16 DriverFactory [main-1] [DEBUG] DriverFactory start...
2022-02-21 16:45:16 MobileFactory [main-1] [DEBUG] selenium: http://127.0.0.1:4723/wd/hub
2022-02-21 16:45:16 MobileCapabilities [main-1] [DEBUG] Default locale value is : en_US
2022-02-21 16:45:16 MobileCapabilities [main-1] [DEBUG] Put language and locale to android capabilities. language: en; locale: US
2022-02-21 16:45:16 MobileFactory [main-1] [DEBUG] capabilities: Capabilities {automationName: uiautomator2, browserName: chrome, carinaTestRunId: 77d87db7-44aa-42c7-bde3-994..., deviceName: Pixel 5, deviceType: phone, goog:chromeOptions: {args: [test-type, --no-first-run, --disable-notifications], extensions: [], w3c: false}, language: en, locale: US, platformName: android, platformVersion: 12, udid: emulator-5554}
2022-02-21 16:45:26 IDriverPool [main-1] [DEBUG] Set current device 'sdk_gphone64_arm64' to thread: 1
2022-02-21 16:45:26 IDriverPool [main-1] [DEBUG] register device for current thread id: 1; device: 'sdk_gphone64_arm64'
2022-02-21 16:45:26 Device [main-1] [DEBUG] Related apps had been already uninstalled or flag uninstall_related_apps is disabled.
2022-02-21 16:45:26 DriverFactory [main-1] [DEBUG] DriverFactory finish...
2022-02-21 16:45:26 IDriverPool [main-1] [DEBUG] Current device name is 'sdk_gphone64_arm64' for thread: 1
2022-02-21 16:45:26 IDriverPool [main-1] [DEBUG] initDriver finish...
2022-02-21 16:45:26 ICustomTypePageFactory [main-1] [DEBUG] Relatives classes count:2
2022-02-21 16:45:26 IDriverPool [main-1] [DEBUG] Current device name is 'sdk_gphone64_arm64' for thread: 1
2022-02-21 16:45:26 IDriverPool [main-1] [DEBUG] Current device name is 'sdk_gphone64_arm64' for thread: 1
2022-02-21 16:45:26 ICustomTypePageFactory [main-1] [DEBUG] Major version of device OS: 12
2022-02-21 16:45:26 ICustomTypePageFactory [main-1] [DEBUG] Expected screenType: ANDROID_PHONE, Actual screenType: ANDROID_PHONE
2022-02-21 16:45:26 ICustomTypePageFactory [main-1] [DEBUG] Expected screenType: ANDROID_PHONE, Actual screenType: DESKTOP
2022-02-21 16:45:26 ICustomTypePageFactory [main-1] [DEBUG] Instance by platform will be created.
2022-02-21 16:45:26 ICustomTypePageFactory [main-1] [DEBUG] Invoking constructor for class com.solvd.carinaphonestest.page.android.AndroidHomePage
2022-02-21 16:45:26 ICustomTypePageFactory [main-1] [DEBUG] Attempt to find costructor that satisfy to following parameters: [org.openqa.selenium.support.events.EventFiringWebDriver@45d38165]
2022-02-21 16:45:26 ICustomTypePageFactory [main-1] [DEBUG] Class class com.solvd.carinaphonestest.page.android.AndroidHomePage contains 1 ctors 
2022-02-21 16:45:26 ICustomTypePageFactory [main-1] [DEBUG] Constructor: public com.solvd.carinaphonestest.page.android.AndroidHomePage(org.openqa.selenium.WebDriver)
2022-02-21 16:45:26 ICustomTypePageFactory [main-1] [DEBUG] Discovered one of the InstantiationException | IllegalAccessException | IllegalArgumentException | InvocationTargetException | SecurityException
2022-02-21 16:45:26 RetryAnalyzer [main-1] [DEBUG] RetryAnalyzer: com.zebrunner.agent.testng.core.retry.RetryAnalyzerInterceptor@4552f905method: checkTest; paramIndex: 0; runCount: 1
2022-02-21 16:45:26 RetryAnalyzer [main-1] [DEBUG] RetryAnalyzer: com.zebrunner.agent.testng.core.retry.RetryAnalyzerInterceptor@4552f905Method: checkTest; Incremented retryCount: 1
2022-02-21 16:45:26 CarinaListener [main-1] [DEBUG] CarinaListener->onTestFailure
2022-02-21 16:45:26 Screenshot [main-1] [DEBUG] Screenshot->capture starting...
2022-02-21 16:45:26 Screenshot [main-1] [DEBUG] isCaptured->message: 'default: TEST FAILED - Unable to instantiate page!

com.qaprosoft.carina.core.foundation.utils.factory.ICustomTypePageFactory.initPage(ICustomTypePageFactory.java:140)
com.solvd.carinaphonestest.service.HomePageService.<init>(HomePageService.java:11)
com.solvd.carinaphonestest.OnlinerTest.checkTest(OnlinerTest.java:11)
java.base/jdk.internal.reflect.NativeMethodAccessorImpl.invoke0(Native Method)
java.base/jdk.internal.reflect.NativeMethodAccessorImpl.invoke(NativeMethodAccessorImpl.java:77)
java.base/jdk.internal.reflect.DelegatingMethodAccessorImpl.invoke(DelegatingMethodAccessorImpl.java:43)
java.base/java.lang.reflect.Method.invoke(Method.java:568)
org.testng.internal.MethodInvocationHelper.invokeMethod(MethodInvocationHelper.java:133)
org.testng.internal.TestInvoker.invokeMethod(TestInvoker.java:598)
org.testng.internal.TestInvoker.invokeTestMethod(TestInvoker.java:173)
org.testng.internal.MethodRunner.runInSequence(MethodRunner.java:46)
org.testng.internal.TestInvoker$MethodInvocationAgent.invoke(TestInvoker.java:824)
org.testng.internal.TestInvoker.invokeTestMethods(TestInvoker.java:146)
org.testng.internal.TestMethodWorker.invokeTestMethods(TestMethodWorker.java:146)
org.testng.internal.TestMethodWorker.run(TestMethodWorker.java:128)
java.base/java.util.ArrayList.forEach(ArrayList.java:1511)
org.testng.TestRunner.privateRun(TestRunner.java:794)
org.testng.TestRunner.run(TestRunner.java:596)
org.testng.SuiteRunner.runTest(SuiteRunner.java:377)
org.testng.SuiteRunner.runSequentially(SuiteRunner.java:371)
org.testng.SuiteRunner.privateRun(SuiteRunner.java:332)
org.testng.SuiteRunner.run(SuiteRunner.java:276)
org.testng.SuiteRunnerWorker.runSuite(SuiteRunnerWorker.java:53)
org.testng.SuiteRunnerWorker.run(SuiteRunnerWorker.java:96)
org.testng.TestNG.runSuitesSequentially(TestNG.java:1212)
org.testng.TestNG.runSuitesLocally(TestNG.java:1134)
org.testng.TestNG.runSuites(TestNG.java:1063)
org.testng.TestNG.run(TestNG.java:1031)
org.apache.maven.surefire.testng.TestNGExecutor.run(TestNGExecutor.java:136)
org.apache.maven.surefire.testng.TestNGDirectoryTestSuite.executeSingleClass(TestNGDirectoryTestSuite.java:112)
org.apache.maven.surefire.testng.TestNGDirectoryTestSuite.execute(TestNGDirectoryTestSuite.java:99)
org.apache.maven.surefire.testng.TestNGProvider.invoke(TestNGProvider.java:145)
org.apache.maven.surefire.booter.ForkedBooter.runSuitesInProcess(ForkedBooter.java:428)
org.apache.maven.surefire.booter.ForkedBooter.execute(ForkedBooter.java:162)
org.apache.maven.surefire.booter.ForkedBooter.run(ForkedBooter.java:562)
org.apache.maven.surefire.booter.ForkedBooter.main(ForkedBooter.java:548)'
2022-02-21 16:45:26 Screenshot [main-1] [DEBUG] starting full size screenshot capturing...
2022-02-21 16:45:26 Screenshot [main-1] [DEBUG] finished full size screenshot call.
2022-02-21 16:45:26 Screenshot [main-1] [DEBUG] Screenshot->capture finished.
2022-02-21 16:45:26 CarinaListener [main-1] [DEBUG] Test result is : 2
2022-02-21 16:45:26 IDriverPool [main-1] [DEBUG] start driver quit: default
2022-02-21 16:45:26 IDriverPool [pool-4-thread-1-1] [DEBUG] Starting drv.quit()
2022-02-21 16:45:27 IDriverPool [pool-4-thread-1-28] [DEBUG] Finished drv.quit()
2022-02-21 16:45:27 IDriverPool [main-1] [DEBUG] finished driver quit: default
2022-02-21 16:45:27 AbstractTestListener [main-1] [DEBUG] AbstractTestListener->onTestFailure
2022-02-21 16:45:27 TestNamingService [main-1] [DEBUG] TestNamingPattern: {method_name}
2022-02-21 16:45:27 TestNamingService [main-1] [DEBUG] Test method description: 
2022-02-21 16:45:27 TestNamingService [main-1] [DEBUG] testName: Surefire test - checkTest
2022-02-21 16:45:27 Messager [main-1] [ERROR] TEST [Surefire test - checkTest] FAILED at [16:45:27 2022-02-21] - Unable to instantiate page!

com.qaprosoft.carina.core.foundation.utils.factory.ICustomTypePageFactory.initPage(ICustomTypePageFactory.java:140)
com.solvd.carinaphonestest.service.HomePageService.<init>(HomePageService.java:11)
com.solvd.carinaphonestest.OnlinerTest.checkTest(OnlinerTest.java:11)
java.base/jdk.internal.reflect.NativeMethodAccessorImpl.invoke0(Native Method)
java.base/jdk.internal.reflect.NativeMethodAccessorImpl.invoke(NativeMethodAccessorImpl.java:77)
java.base/jdk.internal.reflect.DelegatingMethodAccessorImpl.invoke(DelegatingMethodAccessorImpl.java:43)
java.base/java.lang.reflect.Method.invoke(Method.java:568)
org.testng.internal.MethodInvocationHelper.invokeMethod(MethodInvocationHelper.java:133)
org.testng.internal.TestInvoker.invokeMethod(TestInvoker.java:598)
org.testng.internal.TestInvoker.invokeTestMethod(TestInvoker.java:173)
org.testng.internal.MethodRunner.runInSequence(MethodRunner.java:46)
org.testng.internal.TestInvoker$MethodInvocationAgent.invoke(TestInvoker.java:824)
org.testng.internal.TestInvoker.invokeTestMethods(TestInvoker.java:146)
org.testng.internal.TestMethodWorker.invokeTestMethods(TestMethodWorker.java:146)
org.testng.internal.TestMethodWorker.run(TestMethodWorker.java:128)
java.base/java.util.ArrayList.forEach(ArrayList.java:1511)
org.testng.TestRunner.privateRun(TestRunner.java:794)
org.testng.TestRunner.run(TestRunner.java:596)
org.testng.SuiteRunner.runTest(SuiteRunner.java:377)
org.testng.SuiteRunner.runSequentially(SuiteRunner.java:371)
org.testng.SuiteRunner.privateRun(SuiteRunner.java:332)
org.testng.SuiteRunner.run(SuiteRunner.java:276)
org.testng.SuiteRunnerWorker.runSuite(SuiteRunnerWorker.java:53)
org.testng.SuiteRunnerWorker.run(SuiteRunnerWorker.java:96)
org.testng.TestNG.runSuitesSequentially(TestNG.java:1212)
org.testng.TestNG.runSuitesLocally(TestNG.java:1134)
org.testng.TestNG.runSuites(TestNG.java:1063)
org.testng.TestNG.run(TestNG.java:1031)
org.apache.maven.surefire.testng.TestNGExecutor.run(TestNGExecutor.java:136)
org.apache.maven.surefire.testng.TestNGDirectoryTestSuite.executeSingleClass(TestNGDirectoryTestSuite.java:112)
org.apache.maven.surefire.testng.TestNGDirectoryTestSuite.execute(TestNGDirectoryTestSuite.java:99)
org.apache.maven.surefire.testng.TestNGProvider.invoke(TestNGProvider.java:145)
org.apache.maven.surefire.booter.ForkedBooter.runSuitesInProcess(ForkedBooter.java:428)
org.apache.maven.surefire.booter.ForkedBooter.execute(ForkedBooter.java:162)
org.apache.maven.surefire.booter.ForkedBooter.run(ForkedBooter.java:562)
org.apache.maven.surefire.booter.ForkedBooter.main(ForkedBooter.java:548)
2022-02-21 16:45:27 TestNamingService [main-1] [DEBUG] TestNamingPattern: {method_name}
2022-02-21 16:45:27 TestNamingService [main-1] [DEBUG] Test method description: 
2022-02-21 16:45:27 TestNamingService [main-1] [DEBUG] testName: Surefire test - checkTest
]]></system-out>
    <system-err><![CDATA[SLF4J: Class path contains multiple SLF4J bindings.
SLF4J: Found binding in [jar:file:/Users/apetrov/.m2/repository/org/slf4j/slf4j-log4j12/1.7.30/slf4j-log4j12-1.7.30.jar!/org/slf4j/impl/StaticLoggerBinder.class]
SLF4J: Found binding in [jar:file:/Users/apetrov/.m2/repository/org/apache/logging/log4j/log4j-slf4j-impl/2.17.1/log4j-slf4j-impl-2.17.1.jar!/org/slf4j/impl/StaticLoggerBinder.class]
SLF4J: See http://www.slf4j.org/codes.html#multiple_bindings for an explanation.
SLF4J: Actual binding is of type [org.slf4j.impl.Log4jLoggerFactory]
Feb 21, 2022 4:45:26 PM org.openqa.selenium.remote.ProtocolHandshake createSession
INFO: Detected dialect: W3C
]]></system-err>
  </testcase>
</testsuite>